ServiceWithIPCExampleService/app/build/outputs/logs/manifest-merger-debug-report.txt
-- Merging decision tree log ---
manifest
ADDED from src/main/AndroidManifest.xml:2:1-27:12
INJECTED from src/main/AndroidManifest.xml:2:1-27:12
INJECTED from src/main/AndroidManifest.xml:2:1-27:12
INJECTED from src/main/AndroidManifest.xml:2:1-27:12
INJECTED from src/main/AndroidManifest.xml:2:1-27:12
INJECTED from src/main/AndroidManifest.xml:2:1-27:12
INJECTED from src/main/AndroidManifest.xml:2:1-27:12
	package
		ADDED from src/main/AndroidManifest.xml:3:5-50
		INJECTED from src/main/AndroidManifest.xml
		INJECTED from src/main/AndroidManifest.xml
	android:versionName
		ADDED from src/main/AndroidManifest.xml:5:5-30
		INJECTED from src/main/AndroidManifest.xml
		INJECTED from src/main/AndroidManifest.xml
	xmlns:android
		ADDED from src/main/AndroidManifest.xml:2:11-69
	android:versionCode
		ADDED from src/main/AndroidManifest.xml:4:5-28
		INJECTED from src/main/AndroidManifest.xml
		INJECTED from src/main/AndroidManifest.xml
permission#course.examples.Services.KeyService.GEN_ID
ADDED from src/main/AndroidManifest.xml:8:5-10:18
	android:protectionLevel
		ADDED from src/main/AndroidManifest.xml:9:9-44
	android:name
		ADDED from src/main/AndroidManifest.xml:8:17-74
application
ADDED from src/main/AndroidManifest.xml:12:5-26:19
	android:icon
		ADDED from src/main/AndroidManifest.xml:14:9-45
	android:allowBackup
		ADDED from src/main/AndroidManifest.xml:13:9-36
service#course.examples.Services.KeyService.KeyGeneratorImpl
ADDED from src/main/AndroidManifest.xml:17:9-25:19
	android:label
		ADDED from src/main/AndroidManifest.xml:18:13-45
	android:exported
		ADDED from src/main/AndroidManifest.xml:20:13-36
	android:permission
		ADDED from src/main/AndroidManifest.xml:21:13-76
	android:name
		ADDED from src/main/AndroidManifest.xml:19:13-45
intent-filter#action:name:course.examples.Services.KeyCommon.KeyGenerator
ADDED from src/main/AndroidManifest.xml:22:13-24:29
action#course.examples.Services.KeyCommon.KeyGenerator
ADDED from src/main/AndroidManifest.xml:23:17-90
	android:name
		ADDED from src/main/AndroidManifest.xml:23:25-87
uses-sdk
INJECTED from src/main/AndroidManifest.xml reason: use-sdk injection requested
INJECTED from src/main/AndroidManifest.xml
INJECTED from src/main/AndroidManifest.xml
INJECTED from src/main/AndroidManifest.xml
INJECTED from src/main/AndroidManifest.xml
	android:targetSdkVersion
		INJECTED from src/main/AndroidManifest.xml
		ADDED from src/main/AndroidManifest.xml
		INJECTED from src/main/AndroidManifest.xml
	android:minSdkVersion
		INJECTED from src/main/AndroidManifest.xml
		ADDED from src/main/AndroidManifest.xml
		INJECTED from src/main/AndroidManifest.xml